<?xml version="1.0" encoding="UTF-8"?>
<testng-results ignored="0" total="1" passed="1" failed="0" skipped="0">
  <reporter-output>
    <line>
      <![CDATA[product asert passed sucessfulluy]]>
    </line>
  </reporter-output>
  <suite started-at="2024-03-18T17:54:53 IST" name="Default suite" finished-at="2024-03-18T17:55:53 IST" duration-ms="59537">
    <groups>
    </groups>
    <test started-at="2024-03-18T17:54:53 IST" name="Default test" finished-at="2024-03-18T17:55:53 IST" duration-ms="59537">
      <class name="testscripts.ProductsTest">
        <test-method is-config="true" signature="openBrowser()[pri:0, instance:testscripts.ProductsTest@3e27ba32]" started-at="2024-03-18T17:54:54 IST" name="openBrowser" finished-at="2024-03-18T17:55:14 IST" duration-ms="20283" status="PASS">
          <reporter-output>
          </reporter-output>
        </test-method> <!-- openBrowser -->
        <test-method is-config="true" signature="login()[pri:0, instance:testscripts.ProductsTest@3e27ba32]" started-at="2024-03-18T17:55:14 IST" name="login" finished-at="2024-03-18T17:55:24 IST" duration-ms="10336" status="PASS">
          <reporter-output>
          </reporter-output>
        </test-method> <!-- login -->
        <test-method signature="productest()[pri:0, instance:testscripts.ProductsTest@3e27ba32]" started-at="2024-03-18T17:55:24 IST" name="productest" finished-at="2024-03-18T17:55:53 IST" duration-ms="28377" status="PASS">
          <reporter-output>
            <line>
              <![CDATA[product asert passed sucessfulluy]]>
            </line>
          </reporter-output>
        </test-method> <!-- productest -->
        <test-method is-config="true" signature="logout()[pri:0, instance:testscripts.ProductsTest@3e27ba32]" started-at="2024-03-18T17:55:53 IST" name="logout" finished-at="2024-03-18T17:55:53 IST" duration-ms="3" status="PASS">
          <reporter-output>
          </reporter-output>
        </test-method> <!-- logout -->
        <test-method is-config="true" signature="closeBrower()[pri:0, instance:testscripts.ProductsTest@3e27ba32]" started-at="2024-03-18T17:55:53 IST" name="closeBrower" finished-at="2024-03-18T17:55:53 IST" duration-ms="1" status="PASS">
          <reporter-output>
          </reporter-output>
        </test-method> <!-- closeBrower -->
      </class> <!-- testscripts.ProductsTest -->
    </test> <!-- Default test -->
  </suite> <!-- Default suite -->
</testng-results>
