<?xml version="1.0" encoding="UTF-8"?>
<testng-results ignored="0" total="1" passed="1" failed="0" skipped="0">
  <reporter-output>
  </reporter-output>
  <suite started-at="2024-11-21T14:22:45 IST" name="Default suite" finished-at="2024-11-21T14:23:00 IST" duration-ms="14479">
    <groups>
    </groups>
    <test started-at="2024-11-21T14:22:45 IST" name="Default test" finished-at="2024-11-21T14:23:00 IST" duration-ms="14479">
      <class name="testscripts.DemoTest">
        <test-method is-config="true" signature="openBrowser()[pri:0, instance:testscripts.DemoTest@2ddc9a9f]" started-at="2024-11-21T14:22:46 IST" name="openBrowser" finished-at="2024-11-21T14:22:58 IST" duration-ms="12267" status="PASS">
          <reporter-output>
          </reporter-output>
        </test-method> <!-- openBrowser -->
        <test-method is-config="true" signature="login()[pri:0, instance:testscripts.DemoTest@2ddc9a9f]" started-at="2024-11-21T14:22:58 IST" name="login" finished-at="2024-11-21T14:23:00 IST" duration-ms="2115" status="PASS">
          <reporter-output>
          </reporter-output>
        </test-method> <!-- login -->
        <test-method signature="demoTest()[pri:0, instance:testscripts.DemoTest@2ddc9a9f]" started-at="2024-11-21T14:23:00 IST" name="demoTest" finished-at="2024-11-21T14:23:00 IST" duration-ms="10" status="PASS">
          <reporter-output>
          </reporter-output>
        </test-method> <!-- demoTest -->
        <test-method is-config="true" signature="logout()[pri:0, instance:testscripts.DemoTest@2ddc9a9f]" started-at="2024-11-21T14:23:00 IST" name="logout" finished-at="2024-11-21T14:23:00 IST" duration-ms="1" status="PASS">
          <reporter-output>
          </reporter-output>
        </test-method> <!-- logout -->
        <test-method is-config="true" signature="closeBrower()[pri:0, instance:testscripts.DemoTest@2ddc9a9f]" started-at="2024-11-21T14:23:00 IST" name="closeBrower" finished-at="2024-11-21T14:23:00 IST" duration-ms="0" status="PASS">
          <reporter-output>
          </reporter-output>
        </test-method> <!-- closeBrower -->
      </class> <!-- testscripts.DemoTest -->
    </test> <!-- Default test -->
  </suite> <!-- Default suite -->
</testng-results>
